<?xml version="1.0" encoding="UTF-8"?>
<testsuite xmlns:xsi="http://www.w3.org/2001/XMLSchema-instance" xsi:noNamespaceSchemaLocation="https://maven.apache.org/surefire/maven-surefire-plugin/xsd/surefire-test-report-3.0.xsd" version="3.0" name="memstore.table.ColumnSumTest" time="0.012" tests="3" errors="0" skipped="0" failures="3">
  <properties>
    <property name="java.specification.version" value="18"/>
    <property name="sun.jnu.encoding" value="UTF-8"/>
    <property name="java.class.path" value="/Users/mac/Downloads/cs 245/cs245-as1-master/target/test-classes:/Users/mac/Downloads/cs 245/cs245-as1-master/target/classes:/Users/mac/.m2/repository/org/openjdk/jmh/jmh-core/1.21/jmh-core-1.21.jar:/Users/mac/.m2/repository/net/sf/jopt-simple/jopt-simple/4.6/jopt-simple-4.6.jar:/Users/mac/.m2/repository/org/apache/commons/commons-math3/3.2/commons-math3-3.2.jar:/Users/mac/.m2/repository/org/openjdk/jmh/jmh-generator-annprocess/1.21/jmh-generator-annprocess-1.21.jar:/Users/mac/.m2/repository/org/apache/commons/commons-csv/1.6/commons-csv-1.6.jar:/Users/mac/.m2/repository/info/picocli/picocli/3.9.5/picocli-3.9.5.jar:/Users/mac/.m2/repository/junit/junit/4.12/junit-4.12.jar:/Users/mac/.m2/repository/org/hamcrest/hamcrest-core/1.3/hamcrest-core-1.3.jar:/Users/mac/.m2/repository/com/fasterxml/jackson/core/jackson-databind/2.9.8/jackson-databind-2.9.8.jar:/Users/mac/.m2/repository/com/fasterxml/jackson/core/jackson-annotations/2.9.0/jackson-annotations-2.9.0.jar:/Users/mac/.m2/repository/com/fasterxml/jackson/core/jackson-core/2.9.8/jackson-core-2.9.8.jar:/Users/mac/.m2/repository/it/unimi/dsi/fastutil/8.1.0/fastutil-8.1.0.jar:"/>
    <property name="java.vm.vendor" value="Azul Systems, Inc."/>
    <property name="sun.arch.data.model" value="64"/>
    <property name="java.vendor.url" value="http://www.azul.com/"/>
    <property name="os.name" value="Mac OS X"/>
    <property name="java.vm.specification.version" value="18"/>
    <property name="sun.java.launcher" value="SUN_STANDARD"/>
    <property name="user.country" value="NG"/>
    <property name="sun.boot.library.path" value="/Library/Java/JavaVirtualMachines/zulu-18.jdk/Contents/Home/lib"/>
    <property name="sun.java.command" value="/Users/mac/Downloads/cs 245/cs245-as1-master/target/surefire/surefirebooter1295409525871179592.jar /Users/mac/Downloads/cs 245/cs245-as1-master/target/surefire 2023-07-13T03-44-54_357-jvmRun1 surefire15303239962454448793tmp surefire_09721916299312283729tmp"/>
    <property name="http.nonProxyHosts" value="local|*.local|169.254/16|*.169.254/16"/>
    <property name="jdk.debug" value="release"/>
    <property name="surefire.test.class.path" value="/Users/mac/Downloads/cs 245/cs245-as1-master/target/test-classes:/Users/mac/Downloads/cs 245/cs245-as1-master/target/classes:/Users/mac/.m2/repository/org/openjdk/jmh/jmh-core/1.21/jmh-core-1.21.jar:/Users/mac/.m2/repository/net/sf/jopt-simple/jopt-simple/4.6/jopt-simple-4.6.jar:/Users/mac/.m2/repository/org/apache/commons/commons-math3/3.2/commons-math3-3.2.jar:/Users/mac/.m2/repository/org/openjdk/jmh/jmh-generator-annprocess/1.21/jmh-generator-annprocess-1.21.jar:/Users/mac/.m2/repository/org/apache/commons/commons-csv/1.6/commons-csv-1.6.jar:/Users/mac/.m2/repository/info/picocli/picocli/3.9.5/picocli-3.9.5.jar:/Users/mac/.m2/repository/junit/junit/4.12/junit-4.12.jar:/Users/mac/.m2/repository/org/hamcrest/hamcrest-core/1.3/hamcrest-core-1.3.jar:/Users/mac/.m2/repository/com/fasterxml/jackson/core/jackson-databind/2.9.8/jackson-databind-2.9.8.jar:/Users/mac/.m2/repository/com/fasterxml/jackson/core/jackson-annotations/2.9.0/jackson-annotations-2.9.0.jar:/Users/mac/.m2/repository/com/fasterxml/jackson/core/jackson-core/2.9.8/jackson-core-2.9.8.jar:/Users/mac/.m2/repository/it/unimi/dsi/fastutil/8.1.0/fastutil-8.1.0.jar:"/>
    <property name="test" value="memstore.table.ColumnSumTest"/>
    <property name="sun.cpu.endian" value="little"/>
    <property name="user.home" value="/Users/mac"/>
    <property name="user.language" value="en"/>
    <property name="java.specification.vendor" value="Oracle Corporation"/>
    <property name="java.version.date" value="2022-08-18"/>
    <property name="java.home" value="/Library/Java/JavaVirtualMachines/zulu-18.jdk/Contents/Home"/>
    <property name="file.separator" value="/"/>
    <property name="basedir" value="/Users/mac/Downloads/cs 245/cs245-as1-master"/>
    <property name="java.vm.compressedOopsMode" value="Zero based"/>
    <property name="line.separator" value="&#10;"/>
    <property name="java.vm.specification.vendor" value="Oracle Corporation"/>
    <property name="java.specification.name" value="Java Platform API Specification"/>
    <property name="apple.awt.application.name" value="ForkedBooter"/>
    <property name="surefire.real.class.path" value="/Users/mac/Downloads/cs 245/cs245-as1-master/target/surefire/surefirebooter1295409525871179592.jar"/>
    <property name="sun.management.compiler" value="HotSpot 64-Bit Tiered Compilers"/>
    <property name="ftp.nonProxyHosts" value="local|*.local|169.254/16|*.169.254/16"/>
    <property name="java.runtime.version" value="18.0.2.1+1"/>
    <property name="user.name" value="mac"/>
    <property name="path.separator" value=":"/>
    <property name="os.version" value="12.2.1"/>
    <property name="java.runtime.name" value="OpenJDK Runtime Environment"/>
    <property name="file.encoding" value="UTF-8"/>
    <property name="java.vm.name" value="OpenJDK 64-Bit Server VM"/>
    <property name="java.vendor.version" value="Zulu18.32+13-CA"/>
    <property name="localRepository" value="/Users/mac/.m2/repository"/>
    <property name="java.vendor.url.bug" value="http://www.azul.com/support/"/>
    <property name="java.io.tmpdir" value="/var/folders/yb/3m12njz97hx4y4gt66kqhrb80000gn/T/"/>
    <property name="idea.version" value="2022.2.5"/>
    <property name="java.version" value="18.0.2.1"/>
    <property name="user.dir" value="/Users/mac/Downloads/cs 245/cs245-as1-master"/>
    <property name="os.arch" value="x86_64"/>
    <property name="java.vm.specification.name" value="Java Virtual Machine Specification"/>
    <property name="native.encoding" value="US-ASCII"/>
    <property name="java.library.path" value="/Users/mac/Library/Java/Extensions:/Library/Java/Extensions:/Network/Library/Java/Extensions:/System/Library/Java/Extensions:/usr/lib/java:."/>
    <property name="java.vm.info" value="mixed mode, sharing"/>
    <property name="java.vendor" value="Azul Systems, Inc."/>
    <property name="java.vm.version" value="18.0.2.1+1"/>
    <property name="sun.io.unicode.encoding" value="UnicodeBig"/>
    <property name="socksNonProxyHosts" value="local|*.local|169.254/16|*.169.254/16"/>
    <property name="java.class.version" value="62.0"/>
  </properties>
  <testcase name="testIndexedTable" classname="memstore.table.ColumnSumTest" time="0.006">
    <failure message="expected:&lt;68&gt; but was:&lt;0&gt;" type="java.lang.AssertionError"><![CDATA[java.lang.AssertionError: expected:<68> but was:<0>
	at memstore.table.ColumnSumTest.testIndexedTable(ColumnSumTest.java:43)
]]></failure>
  </testcase>
  <testcase name="testColumnTable" classname="memstore.table.ColumnSumTest" time="0.012">
    <failure message="expected:&lt;68&gt; but was:&lt;0&gt;" type="java.lang.AssertionError"><![CDATA[java.lang.AssertionError: expected:<68> but was:<0>
	at memstore.table.ColumnSumTest.testColumnTable(ColumnSumTest.java:36)
]]></failure>
  </testcase>
  <testcase name="testRowTable" classname="memstore.table.ColumnSumTest" time="0.012">
    <failure message="expected:&lt;68&gt; but was:&lt;0&gt;" type="java.lang.AssertionError"><![CDATA[java.lang.AssertionError: expected:<68> but was:<0>
	at memstore.table.ColumnSumTest.testRowTable(ColumnSumTest.java:29)
]]></failure>
  </testcase>
</testsuite>